<?xml version="1.0" encoding="UTF-8"?>
<testsuite xmlns:xsi="http://www.w3.org/2001/XMLSchema-instance" xsi:noNamespaceSchemaLocation="https://maven.apache.org/surefire/maven-surefire-plugin/xsd/surefire-test-report.xsd" name="facade.UserTest" time="0.595" tests="2" errors="0" skipped="0" failures="0">
  <properties>
    <property name="java.specification.version" value="15"/>
    <property name="sun.jnu.encoding" value="UTF-8"/>
    <property name="java.class.path" value="/Users/oliverrasoli/IntellJWork/3 Semester/exercise_thursday_03-02-2021/target/test-classes:/Users/oliverrasoli/IntellJWork/3 Semester/exercise_thursday_03-02-2021/target/classes:/Users/oliverrasoli/.m2/repository/org/eclipse/persistence/org.eclipse.persistence.jpa/3.0.2/org.eclipse.persistence.jpa-3.0.2.jar:/Users/oliverrasoli/.m2/repository/org/eclipse/persistence/org.eclipse.persistence.asm/9.1.0/org.eclipse.persistence.asm-9.1.0.jar:/Users/oliverrasoli/.m2/repository/org/eclipse/persistence/org.eclipse.persistence.core/3.0.2/org.eclipse.persistence.core-3.0.2.jar:/Users/oliverrasoli/.m2/repository/org/eclipse/persistence/org.eclipse.persistence.jpa.jpql/3.0.2/org.eclipse.persistence.jpa.jpql-3.0.2.jar:/Users/oliverrasoli/.m2/repository/jakarta/persistence/jakarta.persistence-api/3.0.0/jakarta.persistence-api-3.0.0.jar:/Users/oliverrasoli/.m2/repository/mysql/mysql-connector-java/8.0.25/mysql-connector-java-8.0.25.jar:/Users/oliverrasoli/.m2/repository/com/google/protobuf/protobuf-java/3.11.4/protobuf-java-3.11.4.jar:/Users/oliverrasoli/.m2/repository/org/glassfish/jersey/bundles/jaxrs-ri/3.0.3/jaxrs-ri-3.0.3.jar:/Users/oliverrasoli/.m2/repository/org/glassfish/jersey/inject/jersey-hk2/3.0.3/jersey-hk2-3.0.3.jar:/Users/oliverrasoli/.m2/repository/org/glassfish/hk2/hk2-locator/3.0.1/hk2-locator-3.0.1.jar:/Users/oliverrasoli/.m2/repository/org/glassfish/hk2/external/aopalliance-repackaged/3.0.1/aopalliance-repackaged-3.0.1.jar:/Users/oliverrasoli/.m2/repository/org/glassfish/hk2/hk2-api/3.0.1/hk2-api-3.0.1.jar:/Users/oliverrasoli/.m2/repository/org/glassfish/hk2/hk2-utils/3.0.1/hk2-utils-3.0.1.jar:/Users/oliverrasoli/.m2/repository/org/javassist/javassist/3.25.0-GA/javassist-3.25.0-GA.jar:/Users/oliverrasoli/.m2/repository/org/glassfish/jersey/core/jersey-common/3.0.3/jersey-common-3.0.3.jar:/Users/oliverrasoli/.m2/repository/jakarta/annotation/jakarta.annotation-api/2.0.0/jakarta.annotation-api-2.0.0.jar:/Users/oliverrasoli/.m2/repository/jakarta/inject/jakarta.inject-api/2.0.0/jakarta.inject-api-2.0.0.jar:/Users/oliverrasoli/.m2/repository/org/glassfish/hk2/osgi-resource-locator/1.0.3/osgi-resource-locator-1.0.3.jar:/Users/oliverrasoli/.m2/repository/org/glassfish/jersey/media/jersey-media-jaxb/3.0.3/jersey-media-jaxb-3.0.3.jar:/Users/oliverrasoli/.m2/repository/org/glassfish/jersey/media/jersey-media-json-binding/3.0.3/jersey-media-json-binding-3.0.3.jar:/Users/oliverrasoli/.m2/repository/jakarta/json/jakarta.json-api/2.0.0/jakarta.json-api-2.0.0.jar:/Users/oliverrasoli/.m2/repository/jakarta/json/bind/jakarta.json.bind-api/2.0.0/jakarta.json.bind-api-2.0.0.jar:/Users/oliverrasoli/.m2/repository/org/glassfish/jakarta.json/2.0.0/jakarta.json-2.0.0-module.jar:/Users/oliverrasoli/.m2/repository/org/eclipse/yasson/2.0.1/yasson-2.0.1.jar:/Users/oliverrasoli/.m2/repository/org/glassfish/jersey/core/jersey-client/3.0.3/jersey-client-3.0.3.jar:/Users/oliverrasoli/.m2/repository/org/glassfish/jersey/core/jersey-server/3.0.3/jersey-server-3.0.3.jar:/Users/oliverrasoli/.m2/repository/jakarta/validation/jakarta.validation-api/3.0.0/jakarta.validation-api-3.0.0.jar:/Users/oliverrasoli/.m2/repository/org/glassfish/jersey/containers/jersey-container-servlet-core/3.0.3/jersey-container-servlet-core-3.0.3.jar:/Users/oliverrasoli/.m2/repository/org/glassfish/jersey/containers/jersey-container-servlet/3.0.3/jersey-container-servlet-3.0.3.jar:/Users/oliverrasoli/.m2/repository/org/glassfish/jersey/media/jersey-media-sse/3.0.3/jersey-media-sse-3.0.3.jar:/Users/oliverrasoli/.m2/repository/jakarta/xml/bind/jakarta.xml.bind-api/3.0.0/jakarta.xml.bind-api-3.0.0.jar:/Users/oliverrasoli/.m2/repository/com/sun/activation/jakarta.activation/2.0.0/jakarta.activation-2.0.0.jar:/Users/oliverrasoli/.m2/repository/javax/javaee-web-api/8.0.1/javaee-web-api-8.0.1.jar:/Users/oliverrasoli/.m2/repository/com/google/code/gson/gson/2.8.9/gson-2.8.9.jar:/Users/oliverrasoli/.m2/repository/org/junit/jupiter/junit-jupiter-api/5.8.2/junit-jupiter-api-5.8.2.jar:/Users/oliverrasoli/.m2/repository/org/opentest4j/opentest4j/1.2.0/opentest4j-1.2.0.jar:/Users/oliverrasoli/.m2/repository/org/junit/platform/junit-platform-commons/1.8.2/junit-platform-commons-1.8.2.jar:/Users/oliverrasoli/.m2/repository/org/apiguardian/apiguardian-api/1.1.2/apiguardian-api-1.1.2.jar:/Users/oliverrasoli/.m2/repository/org/junit/jupiter/junit-jupiter-params/5.8.2/junit-jupiter-params-5.8.2.jar:/Users/oliverrasoli/.m2/repository/org/junit/jupiter/junit-jupiter-engine/5.8.2/junit-jupiter-engine-5.8.2.jar:/Users/oliverrasoli/.m2/repository/org/junit/platform/junit-platform-engine/1.8.2/junit-platform-engine-1.8.2.jar:/Users/oliverrasoli/.m2/repository/org/hamcrest/hamcrest-library/2.2/hamcrest-library-2.2.jar:/Users/oliverrasoli/.m2/repository/org/hamcrest/hamcrest-core/2.2/hamcrest-core-2.2.jar:/Users/oliverrasoli/.m2/repository/org/glassfish/jersey/containers/jersey-container-grizzly2-http/2.32/jersey-container-grizzly2-http-2.32.jar:/Users/oliverrasoli/.m2/repository/org/glassfish/hk2/external/jakarta.inject/2.6.1/jakarta.inject-2.6.1.jar:/Users/oliverrasoli/.m2/repository/org/glassfish/grizzly/grizzly-http-server/2.4.4/grizzly-http-server-2.4.4.jar:/Users/oliverrasoli/.m2/repository/org/glassfish/grizzly/grizzly-http/2.4.4/grizzly-http-2.4.4.jar:/Users/oliverrasoli/.m2/repository/org/glassfish/grizzly/grizzly-framework/2.4.4/grizzly-framework-2.4.4.jar:/Users/oliverrasoli/.m2/repository/jakarta/ws/rs/jakarta.ws.rs-api/2.1.6/jakarta.ws.rs-api-2.1.6.jar:/Users/oliverrasoli/.m2/repository/io/rest-assured/rest-assured/4.3.1/rest-assured-4.3.1.jar:/Users/oliverrasoli/.m2/repository/org/codehaus/groovy/groovy/3.0.3/groovy-3.0.3.jar:/Users/oliverrasoli/.m2/repository/org/codehaus/groovy/groovy-xml/3.0.3/groovy-xml-3.0.3.jar:/Users/oliverrasoli/.m2/repository/org/apache/httpcomponents/httpclient/4.5.3/httpclient-4.5.3.jar:/Users/oliverrasoli/.m2/repository/org/apache/httpcomponents/httpcore/4.4.6/httpcore-4.4.6.jar:/Users/oliverrasoli/.m2/repository/commons-logging/commons-logging/1.2/commons-logging-1.2.jar:/Users/oliverrasoli/.m2/repository/commons-codec/commons-codec/1.9/commons-codec-1.9.jar:/Users/oliverrasoli/.m2/repository/org/apache/httpcomponents/httpmime/4.5.3/httpmime-4.5.3.jar:/Users/oliverrasoli/.m2/repository/org/hamcrest/hamcrest/2.1/hamcrest-2.1.jar:/Users/oliverrasoli/.m2/repository/org/ccil/cowan/tagsoup/tagsoup/1.2.1/tagsoup-1.2.1.jar:/Users/oliverrasoli/.m2/repository/io/rest-assured/json-path/4.3.1/json-path-4.3.1.jar:/Users/oliverrasoli/.m2/repository/org/codehaus/groovy/groovy-json/3.0.3/groovy-json-3.0.3.jar:/Users/oliverrasoli/.m2/repository/io/rest-assured/rest-assured-common/4.3.1/rest-assured-common-4.3.1.jar:/Users/oliverrasoli/.m2/repository/io/rest-assured/xml-path/4.3.1/xml-path-4.3.1.jar:/Users/oliverrasoli/.m2/repository/org/apache/commons/commons-lang3/3.4/commons-lang3-3.4.jar:/Users/oliverrasoli/.m2/repository/com/sun/xml/bind/jaxb-impl/2.3.3/jaxb-impl-2.3.3.jar:"/>
    <property name="java.vm.vendor" value="Oracle Corporation"/>
    <property name="sun.arch.data.model" value="64"/>
    <property name="java.vendor.url" value="https://java.oracle.com/"/>
    <property name="os.name" value="Mac OS X"/>
    <property name="java.vm.specification.version" value="15"/>
    <property name="sun.java.launcher" value="SUN_STANDARD"/>
    <property name="user.country" value="DK"/>
    <property name="sun.boot.library.path" value="/Library/Java/JavaVirtualMachines/jdk-15.0.1.jdk/Contents/Home/lib"/>
    <property name="sun.java.command" value="/Users/oliverrasoli/IntellJWork/3 Semester/exercise_thursday_03-02-2021/target/surefire/surefirebooter2648751643239045574.jar /Users/oliverrasoli/IntellJWork/3 Semester/exercise_thursday_03-02-2021/target/surefire 2022-02-03T22-36-55_177-jvmRun1 surefire13714989628528957780tmp surefire_018154325070280789590tmp"/>
    <property name="http.nonProxyHosts" value="local|*.local|169.254/16|*.169.254/16"/>
    <property name="jdk.debug" value="release"/>
    <property name="surefire.test.class.path" value="/Users/oliverrasoli/IntellJWork/3 Semester/exercise_thursday_03-02-2021/target/test-classes:/Users/oliverrasoli/IntellJWork/3 Semester/exercise_thursday_03-02-2021/target/classes:/Users/oliverrasoli/.m2/repository/org/eclipse/persistence/org.eclipse.persistence.jpa/3.0.2/org.eclipse.persistence.jpa-3.0.2.jar:/Users/oliverrasoli/.m2/repository/org/eclipse/persistence/org.eclipse.persistence.asm/9.1.0/org.eclipse.persistence.asm-9.1.0.jar:/Users/oliverrasoli/.m2/repository/org/eclipse/persistence/org.eclipse.persistence.core/3.0.2/org.eclipse.persistence.core-3.0.2.jar:/Users/oliverrasoli/.m2/repository/org/eclipse/persistence/org.eclipse.persistence.jpa.jpql/3.0.2/org.eclipse.persistence.jpa.jpql-3.0.2.jar:/Users/oliverrasoli/.m2/repository/jakarta/persistence/jakarta.persistence-api/3.0.0/jakarta.persistence-api-3.0.0.jar:/Users/oliverrasoli/.m2/repository/mysql/mysql-connector-java/8.0.25/mysql-connector-java-8.0.25.jar:/Users/oliverrasoli/.m2/repository/com/google/protobuf/protobuf-java/3.11.4/protobuf-java-3.11.4.jar:/Users/oliverrasoli/.m2/repository/org/glassfish/jersey/bundles/jaxrs-ri/3.0.3/jaxrs-ri-3.0.3.jar:/Users/oliverrasoli/.m2/repository/org/glassfish/jersey/inject/jersey-hk2/3.0.3/jersey-hk2-3.0.3.jar:/Users/oliverrasoli/.m2/repository/org/glassfish/hk2/hk2-locator/3.0.1/hk2-locator-3.0.1.jar:/Users/oliverrasoli/.m2/repository/org/glassfish/hk2/external/aopalliance-repackaged/3.0.1/aopalliance-repackaged-3.0.1.jar:/Users/oliverrasoli/.m2/repository/org/glassfish/hk2/hk2-api/3.0.1/hk2-api-3.0.1.jar:/Users/oliverrasoli/.m2/repository/org/glassfish/hk2/hk2-utils/3.0.1/hk2-utils-3.0.1.jar:/Users/oliverrasoli/.m2/repository/org/javassist/javassist/3.25.0-GA/javassist-3.25.0-GA.jar:/Users/oliverrasoli/.m2/repository/org/glassfish/jersey/core/jersey-common/3.0.3/jersey-common-3.0.3.jar:/Users/oliverrasoli/.m2/repository/jakarta/annotation/jakarta.annotation-api/2.0.0/jakarta.annotation-api-2.0.0.jar:/Users/oliverrasoli/.m2/repository/jakarta/inject/jakarta.inject-api/2.0.0/jakarta.inject-api-2.0.0.jar:/Users/oliverrasoli/.m2/repository/org/glassfish/hk2/osgi-resource-locator/1.0.3/osgi-resource-locator-1.0.3.jar:/Users/oliverrasoli/.m2/repository/org/glassfish/jersey/media/jersey-media-jaxb/3.0.3/jersey-media-jaxb-3.0.3.jar:/Users/oliverrasoli/.m2/repository/org/glassfish/jersey/media/jersey-media-json-binding/3.0.3/jersey-media-json-binding-3.0.3.jar:/Users/oliverrasoli/.m2/repository/jakarta/json/jakarta.json-api/2.0.0/jakarta.json-api-2.0.0.jar:/Users/oliverrasoli/.m2/repository/jakarta/json/bind/jakarta.json.bind-api/2.0.0/jakarta.json.bind-api-2.0.0.jar:/Users/oliverrasoli/.m2/repository/org/glassfish/jakarta.json/2.0.0/jakarta.json-2.0.0-module.jar:/Users/oliverrasoli/.m2/repository/org/eclipse/yasson/2.0.1/yasson-2.0.1.jar:/Users/oliverrasoli/.m2/repository/org/glassfish/jersey/core/jersey-client/3.0.3/jersey-client-3.0.3.jar:/Users/oliverrasoli/.m2/repository/org/glassfish/jersey/core/jersey-server/3.0.3/jersey-server-3.0.3.jar:/Users/oliverrasoli/.m2/repository/jakarta/validation/jakarta.validation-api/3.0.0/jakarta.validation-api-3.0.0.jar:/Users/oliverrasoli/.m2/repository/org/glassfish/jersey/containers/jersey-container-servlet-core/3.0.3/jersey-container-servlet-core-3.0.3.jar:/Users/oliverrasoli/.m2/repository/org/glassfish/jersey/containers/jersey-container-servlet/3.0.3/jersey-container-servlet-3.0.3.jar:/Users/oliverrasoli/.m2/repository/org/glassfish/jersey/media/jersey-media-sse/3.0.3/jersey-media-sse-3.0.3.jar:/Users/oliverrasoli/.m2/repository/jakarta/xml/bind/jakarta.xml.bind-api/3.0.0/jakarta.xml.bind-api-3.0.0.jar:/Users/oliverrasoli/.m2/repository/com/sun/activation/jakarta.activation/2.0.0/jakarta.activation-2.0.0.jar:/Users/oliverrasoli/.m2/repository/javax/javaee-web-api/8.0.1/javaee-web-api-8.0.1.jar:/Users/oliverrasoli/.m2/repository/com/google/code/gson/gson/2.8.9/gson-2.8.9.jar:/Users/oliverrasoli/.m2/repository/org/junit/jupiter/junit-jupiter-api/5.8.2/junit-jupiter-api-5.8.2.jar:/Users/oliverrasoli/.m2/repository/org/opentest4j/opentest4j/1.2.0/opentest4j-1.2.0.jar:/Users/oliverrasoli/.m2/repository/org/junit/platform/junit-platform-commons/1.8.2/junit-platform-commons-1.8.2.jar:/Users/oliverrasoli/.m2/repository/org/apiguardian/apiguardian-api/1.1.2/apiguardian-api-1.1.2.jar:/Users/oliverrasoli/.m2/repository/org/junit/jupiter/junit-jupiter-params/5.8.2/junit-jupiter-params-5.8.2.jar:/Users/oliverrasoli/.m2/repository/org/junit/jupiter/junit-jupiter-engine/5.8.2/junit-jupiter-engine-5.8.2.jar:/Users/oliverrasoli/.m2/repository/org/junit/platform/junit-platform-engine/1.8.2/junit-platform-engine-1.8.2.jar:/Users/oliverrasoli/.m2/repository/org/hamcrest/hamcrest-library/2.2/hamcrest-library-2.2.jar:/Users/oliverrasoli/.m2/repository/org/hamcrest/hamcrest-core/2.2/hamcrest-core-2.2.jar:/Users/oliverrasoli/.m2/repository/org/glassfish/jersey/containers/jersey-container-grizzly2-http/2.32/jersey-container-grizzly2-http-2.32.jar:/Users/oliverrasoli/.m2/repository/org/glassfish/hk2/external/jakarta.inject/2.6.1/jakarta.inject-2.6.1.jar:/Users/oliverrasoli/.m2/repository/org/glassfish/grizzly/grizzly-http-server/2.4.4/grizzly-http-server-2.4.4.jar:/Users/oliverrasoli/.m2/repository/org/glassfish/grizzly/grizzly-http/2.4.4/grizzly-http-2.4.4.jar:/Users/oliverrasoli/.m2/repository/org/glassfish/grizzly/grizzly-framework/2.4.4/grizzly-framework-2.4.4.jar:/Users/oliverrasoli/.m2/repository/jakarta/ws/rs/jakarta.ws.rs-api/2.1.6/jakarta.ws.rs-api-2.1.6.jar:/Users/oliverrasoli/.m2/repository/io/rest-assured/rest-assured/4.3.1/rest-assured-4.3.1.jar:/Users/oliverrasoli/.m2/repository/org/codehaus/groovy/groovy/3.0.3/groovy-3.0.3.jar:/Users/oliverrasoli/.m2/repository/org/codehaus/groovy/groovy-xml/3.0.3/groovy-xml-3.0.3.jar:/Users/oliverrasoli/.m2/repository/org/apache/httpcomponents/httpclient/4.5.3/httpclient-4.5.3.jar:/Users/oliverrasoli/.m2/repository/org/apache/httpcomponents/httpcore/4.4.6/httpcore-4.4.6.jar:/Users/oliverrasoli/.m2/repository/commons-logging/commons-logging/1.2/commons-logging-1.2.jar:/Users/oliverrasoli/.m2/repository/commons-codec/commons-codec/1.9/commons-codec-1.9.jar:/Users/oliverrasoli/.m2/repository/org/apache/httpcomponents/httpmime/4.5.3/httpmime-4.5.3.jar:/Users/oliverrasoli/.m2/repository/org/hamcrest/hamcrest/2.1/hamcrest-2.1.jar:/Users/oliverrasoli/.m2/repository/org/ccil/cowan/tagsoup/tagsoup/1.2.1/tagsoup-1.2.1.jar:/Users/oliverrasoli/.m2/repository/io/rest-assured/json-path/4.3.1/json-path-4.3.1.jar:/Users/oliverrasoli/.m2/repository/org/codehaus/groovy/groovy-json/3.0.3/groovy-json-3.0.3.jar:/Users/oliverrasoli/.m2/repository/io/rest-assured/rest-assured-common/4.3.1/rest-assured-common-4.3.1.jar:/Users/oliverrasoli/.m2/repository/io/rest-assured/xml-path/4.3.1/xml-path-4.3.1.jar:/Users/oliverrasoli/.m2/repository/org/apache/commons/commons-lang3/3.4/commons-lang3-3.4.jar:/Users/oliverrasoli/.m2/repository/com/sun/xml/bind/jaxb-impl/2.3.3/jaxb-impl-2.3.3.jar:"/>
    <property name="sun.cpu.endian" value="little"/>
    <property name="user.home" value="/Users/oliverrasoli"/>
    <property name="user.language" value="en"/>
    <property name="java.specification.vendor" value="Oracle Corporation"/>
    <property name="java.version.date" value="2020-10-20"/>
    <property name="java.home" value="/Library/Java/JavaVirtualMachines/jdk-15.0.1.jdk/Contents/Home"/>
    <property name="file.separator" value="/"/>
    <property name="basedir" value="/Users/oliverrasoli/IntellJWork/3 Semester/exercise_thursday_03-02-2021"/>
    <property name="java.vm.compressedOopsMode" value="Zero based"/>
    <property name="line.separator" value="&#10;"/>
    <property name="java.specification.name" value="Java Platform API Specification"/>
    <property name="java.vm.specification.vendor" value="Oracle Corporation"/>
    <property name="surefire.real.class.path" value="/Users/oliverrasoli/IntellJWork/3 Semester/exercise_thursday_03-02-2021/target/surefire/surefirebooter2648751643239045574.jar"/>
    <property name="sun.management.compiler" value="HotSpot 64-Bit Tiered Compilers"/>
    <property name="ftp.nonProxyHosts" value="local|*.local|169.254/16|*.169.254/16"/>
    <property name="java.runtime.version" value="15.0.1+9-18"/>
    <property name="user.name" value="oliverrasoli"/>
    <property name="path.separator" value=":"/>
    <property name="os.version" value="10.16"/>
    <property name="java.runtime.name" value="Java(TM) SE Runtime Environment"/>
    <property name="file.encoding" value="UTF-8"/>
    <property name="java.vm.name" value="Java HotSpot(TM) 64-Bit Server VM"/>
    <property name="localRepository" value="/Users/oliverrasoli/.m2/repository"/>
    <property name="java.vendor.url.bug" value="https://bugreport.java.com/bugreport/"/>
    <property name="java.io.tmpdir" value="/var/folders/8g/5mz1hznx4c713h92c_kwq2yh0000gn/T/"/>
    <property name="java.version" value="15.0.1"/>
    <property name="user.dir" value="/Users/oliverrasoli/IntellJWork/3 Semester/exercise_thursday_03-02-2021"/>
    <property name="os.arch" value="x86_64"/>
    <property name="java.vm.specification.name" value="Java Virtual Machine Specification"/>
    <property name="java.library.path" value="/Users/oliverrasoli/Library/Java/Extensions:/Library/Java/Extensions:/Network/Library/Java/Extensions:/System/Library/Java/Extensions:/usr/lib/java:."/>
    <property name="java.vm.info" value="mixed mode, sharing"/>
    <property name="java.vendor" value="Oracle Corporation"/>
    <property name="java.vm.version" value="15.0.1+9-18"/>
    <property name="sun.io.unicode.encoding" value="UnicodeBig"/>
    <property name="socksNonProxyHosts" value="local|*.local|169.254/16|*.169.254/16"/>
    <property name="java.class.version" value="59.0"/>
  </properties>
  <testcase name="namesOnSystem_Test_US1" classname="facade.UserTest" time="0.515"/>
  <testcase name="detailsOnUser_Test_US2" classname="facade.UserTest" time="0.073"/>
</testsuite>